398
483
635
838
733
958
485
502
845
821
675
476
123
635
250
677
864
527
578
738
171
202
993
387
158
950
936
48
131
163
197
196
302
205
694
977
386
151
568
271
818
562
172
905
984
99
852
851
190
288
246
940
624
744
147
348
500
191
291
119
312
384
917
301
585
650
170
550
354
647
168
574
90
367
545
421
203
55
103
362
184
715
278
438
970
377
587
611
464
642
270
640
127
446
404
938
499
172
242
975
162
829
56
278
551
654
994
800
215
141
331
298
271
469
689
332
470
338
689
271
395
112
731
123
323
862
912
434
730
858
517
370
869
252
157
504
533
55
482
936
148
735
292
946
672
392
867
631
141
302
158
577
445
832
156
347
569
815
585
494
672
696
243
445
62
361
814
396
410
113
86
183
912
938
643
593
523
233
788
75
989
436
743
339
217
274
348
339
471
520
636
814
447
907
727
79
412
813
21
42
998
105
346
577
204
736
923
165
627
157
827
338
299
850
68
376
105
106
885
869
637
488
148
13
997
226
81
112
823
476
923
93
310
240
382
800
205
204
189
783
411
248
645
865
333
219
88
800
429
364
120
926
124
995
315
859
252
678
976
39
375
142
638
639
992
453
48
118
276
686
282
769
641
157
116
343
542
329
308
807
613
462
617
547
295
523
409
8
60
63
102
572
535
9
195
174
132
974
418
116
359
197
820
847
977
683
568
401
9
957
615
571
41
697
325
48
676
321
183
186
379
110
82
322
653
625
322
574
17
733
531
577
2
62
592
437
922
612
933
398
612
784
48
707
552
627
565
927
245
510
355
433
393
279
906
940
634
16
604
191
818
50
351
834
993
161
459
598
575
517
130
575
745
108
294
18
517
541
678
912
547
233
357
612
213
140
712
665
366
369
58
38
464
366
153
745
938
578
120
329
584
944
129
722
591
85
916
311
263
313
560
329
167
927
843
323
566
793
348
446
979
316
254
924
264
231
517
537
95
866
45
999
519
231
744
207
121
88
380
643
649
202
80
419
741
908
480
599
992
325
185
292
446
508
89
373
30
191
680
322
672
470
430
250
751
289
924
742
669
931
821
39
305
381
806
221
749
793
830
20
996
292
630
987
607
734
781
183
668
458
492
270
678
60
670
303
579
101
122
900
652
912
479
887
714
395
937
84
562
453
198
379
706
563
387
343
812
316
227
5
2
584
483
444
998
93
424
125
454
505
370
102
373
739
386
625
461
177
142
280
779
997
587
855
381
228
515
361
690
910
241
849
928
848
486
287
127
348
105
242
875
784
16
252
422
479
645
390
106
981
358
34
350
415
938
41
97
36
970
639
570
473
194
596
156
67
514
547
963
152
653
594
867
533
467
372
228
955
799
911
54
909
944
417
635
772
508
939
822
947
752
585
84
198
23
485
818
396
371
405
525
338
886
897
456
270
530
213
364
84
481
790
892
775
309
463
388
38
876
627
753
244
470
834
232
417
71
314
908
995
839
710
533
829
720
793
349
847
78
769
617
654
193
630
485
100
671
218
67
819
964
16
260
125
407
27
716
25
177
36
424
101
399
37
353
669
273
967
884
11
335
641
365
877
719
499
879
802
786
130
36
225
222
724
36
91
689
696
571
595
263
125
943
785
119
617
15
161
16
27
948
571
773
255
243
745
898
898
53
658
87
425
806
886
597
955
989
531
925
217
207
847
302
248
923
2
324
297
109
11
28
784
867
391
825
814
594
91
578
868
239
631
173
511
581
754
59
55
91
712
436
366
747
298
835
676
136
829
527
615
917
155
495
712
432
189
684
199
95
285
103
194
689
234
901
811
861
652
82
2
568
342
544
984
983
155
584
591
880
190
987
374
396
876
979
973
186
158
251
158
260
213
677
906
810
476
973
386
455
959
871
255
43
752
375
908
647
619
648
96
891
583
539
666
687
648
966
728
173
649
673
557
248
215
163
311
741
401
462
111
104
55
87
177
40
400
912
800
523
955
455
224
591
789
246
815
29
263
534
832
88
99
270
166
375
162
113
358
510
969
820
930
506
5
977
455
870
922
184
499
32
430
478
755
415
373
109
241
431
295
803
817
838
197
404
337
98
109
298
602
96
197
346
660
260
70
56
927
398
26
553
269
242
401
664
580
471
665
29
559
204
921
633
706
666
222
688
410
955
143
265
541
106
459
923
371
346
109
171
200
248
888
960
241
486
5
558
281
604
442
567
801
579
803
364
165
910
614
871
55
38
792
394
708
396
939
342
329
752
484
127
258
655
577
254
178
140
214
279
519
