463
346
251
695
925
134
737
461
53
686
940
693
582
442
504
264
590
147
173
577
174
164
916
121
108
981
93
151
303
15
805
113
292
275
233
90
649
220
940
479
0
569
857
266
870
672
642
226
837
211
902
279
656
358
874
656
558
988
288
269
954
110
275
647
939
130
473
385
56
259
594
962
187
111
103
76
104
399
145
246
705
478
590
621
56
713
697
367
406
688
26
388
337
583
166
493
130
689
837
108
557
805
62
493
822
644
957
194
732
463
827
192
672
920
648
739
838
286
912
115
414
518
770
515
56
851
219
345
469
255
752
75
879
584
597
675
225
946
82
66
514
749
233
148
177
362
716
210
865
676
415
263
292
68
532
447
385
569
242
16
17
908
196
113
642
702
436
695
663
754
851
515
342
58
247
33
29
887
653
8
136
318
754
107
711
283
122
422
847
76
754
290
143
206
297
200
420
797
433
404
994
701
409
75
724
453
801
0
735
298
50
972
274
647
276
275
23
256
19
500
289
181
148
666
452
726
284
677
18
84
856
247
151
635
981
933
224
6
772
830
789
443
19
987
675
276
448
591
579
315
508
42
831
745
480
830
403
498
486
401
951
968
933
842
223
81
45
42
51
349
517
232
262
109
394
738
620
686
551
481
185
303
689
494
203
164
968
278
829
65
886
615
504
558
440
814
9
128
356
878
706
662
531
363
637
195
31
618
560
995
875
686
758
632
191
896
474
645
150
964
222
632
831
995
729
263
125
181
152
743
532
997
379
353
354
881
147
151
791
357
406
0
183
470
733
580
130
381
976
438
96
585
489
240
464
677
215
809
346
420
962
287
279
317
438
601
608
915
176
354
231
869
73
669
910
808
752
686
379
251
921
83
439
773
683
858
78
9
460
772
360
73
244
24
141
21
499
322
678
641
430
149
114
195
471
925
451
448
734
347
960
175
279
252
630
233
72
134
629
942
72
567
127
210
193
473
30
768
307
400
563
385
898
90
363
308
271
382
418
173
861
460
77
181
594
396
158
369
612
173
4
883
971
187
435
162
59
451
829
315
545
117
522
729
70
27
50
77
27
522
53
474
254
530
443
788
708
334
220
331
218
149
753
830
219
597
679
831
122
362
387
298
874
969
425
220
390
546
177
675
105
369
587
581
69
175
514
33
32
9
630
131
191
859
872
984
433
139
629
725
669
328
991
448
409
34
906
244
75
297
768
442
64
911
395
482
425
174
298
345
378
695
580
784
583
806
353
241
649
206
725
145
123
664
272
97
893
619
655
778
313
285
935
507
405
782
984
46
528
660
264
582
24
292
114
90
355
399
304
128
185
216
837
274
879
280
40
777
676
671
169
999
903
83
64
947
569
755
121
147
926
210
502
806
318
417
249
724
28
592
621
924
612
231
651
210
192
618
350
770
687
971
599
40
666
436
151
453
478
365
576
782
115
714
745
984
295
773
438
1
834
246
67
461
393
279
881
59
566
22
625
398
332
971
311
835
407
915
140
709
108
222
116
358
780
196
554
839
512
110
19
750
737
474
217
522
160
412
538
115
957
221
385
95
715
891
319
605
246
370
559
60
262
185
604
722
378
278
281
808
257
365
0
526
515
338
162
47
546
878
575
982
761
429
659
567
115
212
85
343
476
536
11
380
513
902
545
599
64
616
73
203
431
929
541
311
739
169
137
305
270
319
405
328
424
650
401
230
668
393
309
537
718
804
825
105
600
74
168
476
571
932
878
410
283
822
401
947
150
387
159
816
717
37
480
474
216
162
647
185
764
619
907
364
832
576
736
276
344
956
625
161
294
27
736
614
867
776
298
297
141
938
252
291
989
382
830
225
703
341
804
466
171
531
583
214
235
721
788
496
992
885
925
720
78
958
165
15
476
822
41
719
168
364
808
284
188
73
48
467
142
713
759
313
420
270
184
773
48
891
729
555
532
797
268
61
454
628
889
129
169
727
251
939
655
978
934
50
389
418
546
33
905
809
477
975
812
364
16
545
81
278
77
751
232
134
316
165
31
354
627
269
202
877
665
420
876
276
205
300
744
103
304
19
862
230
0
311
588
41
155
31
294
730
99
920
360
150
731
304
906
473
29
793
94
298
702
44
13
300
592
652
180
720
108
294
925
946
928
181
50
11
460
658
620
581
540
170
167
11
103
218
650
908
430
653
955
359
472
334
424
507
51
125
8
506
189
284
583
746
23
915
166
533
648
394
561
5
619
389
258
917
366
216
873
743
474
379
254
61
60
84
942
973
223
170
8
8
532
318
