900
303
535
202
284
609
907
312
573
66
509
932
318
304
568
83
581
673
907
345
233
311
258
781
211
314
471
450
808
7
407
115
734
410
149
803
115
495
160
243
358
23
45
126
490
179
937
497
111
476
429
319
258
712
887
421
334
42
832
302
154
0
489
848
832
103
293
192
698
686
741
759
966
835
260
5
813
870
460
820
754
755
248
551
985
691
171
816
263
897
297
377
944
44
157
671
703
691
298
347
40
962
859
487
216
515
349
243
697
759
948
184
921
458
931
392
365
880
781
426
245
520
678
295
646
30
337
502
312
819
751
0
565
214
281
908
155
745
12
548
779
294
203
331
276
112
54
7
849
464
672
189
447
661
947
109
284
268
320
813
148
372
282
417
41
18
68
214
270
157
189
421
777
435
181
209
358
725
83
138
624
526
988
369
848
75
881
19
405
836
871
83
980
395
87
740
642
467
230
15
168
502
738
72
210
670
12
361
196
426
460
867
213
703
979
498
558
480
410
675
96
241
8
959
872
843
510
818
285
450
132
412
160
879
846
361
468
669
602
498
255
833
287
571
872
406
870
468
392
626
449
457
208
343
127
2
495
983
428
579
919
490
166
64
115
702
462
552
58
809
802
373
161
819
476
53
257
17
199
858
373
20
195
647
581
13
491
391
47
6
949
420
278
20
734
396
518
229
0
491
854
35
298
103
218
56
510
408
845
759
436
50
277
41
748
285
448
392
101
829
500
155
8
340
364
26
642
501
51
964
377
710
306
798
162
803
157
523
287
499
78
383
173
187
431
646
328
642
580
952
329
85
125
661
35
697
807
553
619
10
326
177
769
286
544
279
612
4
97
371
932
861
68
517
70
430
101
489
245
138
390
102
326
700
298
645
314
639
230
676
967
228
336
889
435
861
362
573
860
436
0
842
436
66
426
681
436
791
677
61
171
114
551
520
344
53
903
617
212
845
972
413
981
28
473
574
739
400
968
891
296
10
613
18
483
848
232
365
30
203
298
491
128
358
62
292
883
193
198
887
156
861
868
627
354
359
527
970
459
792
800
890
3
259
46
126
194
357
407
245
656
318
169
292
275
422
798
650
24
137
30
957
66
204
888
209
214
517
391
994
2
241
503
78
660
61
52
564
308
115
145
850
69
339
266
543
590
15
377
88
817
49
805
877
788
121
281
101
969
739
11
253
298
204
918
643
194
375
229
544
66
311
320
299
145
4
250
870
709
529
378
770
622
292
714
583
788
303
533
661
235
353
513
920
186
720
22
606
855
574
736
202
410
21
467
587
305
684
164
533
292
570
693
941
141
465
48
40
743
433
750
159
529
17
42
796
41
202
168
4
385
690
960
605
973
222
216
454
369
730
658
538
565
713
409
826
150
184
446
109
682
233
284
85
447
898
448
548
100
933
736
262
892
416
306
71
775
898
756
225
702
436
951
577
853
60
670
272
637
215
279
112
987
190
812
343
938
326
781
20
473
82
604
881
345
472
630
65
568
108
849
843
51
96
256
705
311
991
326
822
559
224
691
411
633
326
386
13
472
277
356
55
661
406
344
817
420
473
927
906
747
214
777
959
860
121
36
287
170
924
58
589
680
227
656
838
328
269
427
846
65
19
137
2
219
970
46
239
617
430
701
540
240
394
288
118
502
119
493
538
716
68
304
246
669
112
262
273
16
305
768
330
10
713
358
381
541
261
497
232
58
113
538
258
59
17
528
5
250
411
118
25
168
614
449
479
605
799
250
113
764
86
159
985
85
750
37
596
577
558
352
210
539
470
569
396
466
631
119
605
403
206
434
40
614
612
109
424
979
398
766
298
27
709
34
601
353
583
342
439
555
320
172
477
55
312
486
281
806
36
868
842
152
388
316
871
358
655
34
337
349
214
663
421
974
79
8
357
348
134
702
248
275
356
2
440
878
813
3
673
139
721
167
417
883
817
789
958
929
384
779
150
510
25
402
273
807
264
536
109
746
721
73
99
34
262
670
628
906
561
575
610
278
874
218
170
344
219
31
79
258
539
844
628
953
431
800
112
81
709
805
653
680
236
345
743
325
490
424
181
263
633
800
584
183
844
325
365
309
108
25
475
347
12
220
533
554
1
215
747
574
250
870
218
154
470
887
422
243
287
414
387
329
586
141
200
927
51
5
428
427
545
27
440
859
53
666
236
682
57
848
437
153
254
62
409
666
243
947
18
389
189
276
954
47
361
775
790
489
513
588
170
55
879
638
572
179
74
55
551
251
85
898
644
937
784
987
953
92
23
