757
623
857
162
376
975
41
37
97
114
214
802
848
419
176
25
345
230
423
987
132
411
975
209
217
707
221
619
776
472
499
871
57
328
720
193
154
41
248
780
509
819
710
403
610
564
886
222
341
620
867
264
7
443
459
159
499
671
90
974
891
325
235
311
827
581
374
321
219
634
291
465
721
563
295
70
707
400
807
457
650
517
232
678
574
563
581
550
602
593
661
676
441
964
184
585
664
956
891
584
585
139
193
538
96
273
341
236
143
711
127
431
486
527
949
971
235
202
47
176
747
948
699
300
194
249
386
367
845
731
34
113
442
165
448
722
512
169
292
371
251
161
633
27
549
639
217
354
487
23
383
454
333
108
630
923
218
196
520
705
31
535
662
595
260
163
611
362
455
633
90
606
600
459
201
302
301
175
83
554
213
140
794
224
1
645
949
988
920
969
21
853
225
127
611
825
17
705
933
708
952
54
928
463
205
835
97
695
940
378
356
773
159
646
748
261
699
866
779
440
0
491
250
970
463
906
255
242
555
923
5
979
599
108
927
176
809
294
140
344
534
426
241
17
934
84
451
434
239
407
99
454
871
346
526
12
542
161
873
785
44
900
462
182
627
971
772
551
1
35
616
672
417
502
124
733
107
732
508
536
759
532
128
40
744
100
11
274
40
412
544
568
934
872
610
207
108
411
807
42
419
917
93
281
940
133
186
657
432
518
435
968
327
299
683
85
689
45
47
495
344
618
120
282
108
9
662
788
59
299
668
257
315
162
161
229
406
46
750
117
665
532
380
385
879
662
124
147
30
190
812
60
147
126
369
415
297
175
434
50
5
987
567
378
480
634
489
680
700
832
289
761
300
13
100
641
515
481
868
392
491
127
755
909
195
170
965
67
430
311
782
896
556
162
893
43
882
447
784
200
350
822
266
512
554
415
597
79
153
622
853
771
997
394
475
241
745
231
207
26
87
586
942
929
766
733
643
122
589
560
211
348
734
547
880
645
704
77
900
873
807
223
725
697
294
939
661
810
150
112
347
530
55
212
261
515
376
273
353
793
678
941
107
604
981
851
460
16
856
481
149
433
922
256
665
551
558
42
346
834
524
616
402
285
946
843
420
521
242
816
839
164
779
528
120
691
307
614
904
155
492
842
85
126
392
26
421
667
409
45
659
781
546
569
655
288
701
802
748
956
158
14
683
538
489
69
135
19
407
851
172
233
662
31
350
374
612
951
874
82
333
381
742
761
398
547
723
603
819
920
941
67
958
138
382
637
290
126
413
586
22
740
461
978
140
416
332
493
139
944
613
705
114
915
633
466
268
317
83
15
122
346
140
631
467
988
520
28
393
841
57
771
189
962
2
809
62
937
43
683
782
144
512
93
904
108
120
679
55
184
156
34
775
353
508
119
150
283
253
680
943
970
965
346
489
463
135
315
246
568
640
266
962
786
930
817
656
292
320
350
309
726
758
116
116
833
620
856
207
793
218
3
609
476
951
559
590
950
293
871
270
782
768
536
642
152
35
409
336
9
196
467
336
166
154
202
653
47
549
570
975
161
745
0
354
501
250
598
674
720
803
550
6
41
569
693
669
196
146
53
843
955
406
654
943
147
459
255
532
78
204
955
739
137
905
0
10
453
771
972
95
716
60
602
704
825
790
951
641
274
612
310
866
879
318
547
629
917
567
607
704
158
626
620
874
158
890
721
262
350
830
601
288
984
76
113
503
318
760
36
876
542
54
173
833
549
349
177
57
443
156
663
499
329
389
332
665
25
107
671
688
157
11
170
12
794
226
268
95
405
863
545
334
468
39
58
337
156
413
661
672
88
53
78
37
917
956
158
462
803
764
23
302
602
70
169
463
759
38
331
169
720
290
60
574
773
556
882
582
671
547
224
276
949
239
534
638
752
609
996
471
721
344
860
489
754
379
571
454
630
494
788
948
483
680
788
202
626
873
663
573
145
589
612
522
469
462
563
693
994
578
398
678
368
756
124
709
236
721
51
700
735
501
630
474
342
660
717
21
84
228
749
748
46
827
852
967
126
910
716
163
45
263
581
449
51
211
297
19
479
760
619
25
948
366
604
429
18
456
724
190
409
945
554
265
859
856
479
434
401
22
886
512
375
386
625
259
346
395
441
217
656
729
463
115
159
920
289
167
53
445
538
180
652
339
295
746
851
78
713
931
865
829
525
109
832
448
749
22
301
540
869
438
127
957
428
993
856
945
210
80
408
816
992
995
122
921
157
894
757
973
178
96
469
416
367
831
985
382
285
