234
5
489
423
522
577
495
792
235
932
510
199
730
12
811
226
64
70
89
324
236
731
231
165
788
892
909
178
81
100
264
995
50
491
739
980
285
929
627
703
775
648
588
277
356
401
617
160
226
208
60
53
86
571
756
186
442
123
794
301
735
50
359
939
970
36
727
116
527
20
819
938
918
175
723
784
486
877
293
115
991
89
379
144
637
620
0
459
114
874
672
471
11
22
898
505
304
266
256
129
8
482
454
680
906
269
157
212
160
922
240
206
407
760
718
861
104
449
422
820
491
548
144
652
312
557
666
11
85
634
329
25
477
625
96
685
477
601
464
499
549
842
455
869
52
379
866
582
149
249
494
219
114
734
104
103
265
686
162
988
410
950
568
851
206
25
136
318
723
214
298
386
865
919
818
86
561
48
217
529
639
100
406
441
168
657
493
748
846
711
486
296
824
784
538
117
569
187
716
374
350
145
692
74
919
737
698
577
566
318
624
351
682
297
743
288
471
600
365
76
537
243
10
579
202
672
301
465
293
609
527
469
298
360
115
438
673
384
414
896
910
715
941
76
71
110
33
357
712
730
152
897
218
69
402
755
973
480
6
734
245
112
187
136
284
409
740
223
174
851
231
453
856
957
681
231
902
876
64
24
296
289
136
385
848
905
86
467
802
105
876
283
434
996
529
105
256
230
793
738
27
904
675
950
373
97
345
908
34
382
255
132
130
591
291
2
635
981
119
744
339
705
890
69
464
662
410
802
726
34
344
151
767
757
48
519
282
151
980
466
876
738
620
842
286
762
929
624
992
979
194
345
765
995
459
289
427
315
612
613
361
982
645
849
117
596
516
593
796
390
64
416
553
9
23
299
656
164
755
912
23
209
444
968
637
682
654
17
253
658
59
213
636
164
47
116
998
376
608
559
451
461
733
529
410
916
755
276
982
703
535
143
616
541
77
185
816
198
231
903
861
873
685
301
308
332
120
246
112
417
66
100
60
174
680
49
161
342
484
509
753
544
680
31
51
77
157
899
335
715
634
70
172
15
67
79
929
560
554
579
432
446
456
12
997
946
131
185
537
744
30
138
845
616
525
657
79
266
116
43
834
124
776
201
819
762
53
76
73
333
909
495
740
860
406
455
77
551
759
202
803
916
43
45
519
389
187
868
64
268
767
830
663
503
143
272
851
652
706
16
76
227
110
387
965
655
46
779
135
675
4
21
603
911
44
244
618
396
786
120
926
470
235
316
233
393
607
820
729
694
969
388
304
992
646
982
205
682
42
178
498
286
708
233
132
587
195
242
211
94
318
400
80
51
325
133
335
594
401
65
326
238
550
800
14
697
818
673
636
410
353
307
690
662
2
368
961
124
643
508
643
212
632
88
396
216
58
184
327
493
927
147
915
709
550
713
362
306
555
209
392
283
342
310
378
252
149
789
226
103
363
384
168
594
596
265
511
570
804
307
436
236
850
562
738
223
449
967
233
660
456
492
473
954
678
419
485
877
160
946
736
100
324
172
587
210
987
47
493
606
891
8
798
516
550
901
540
435
760
569
699
54
230
88
349
431
21
227
904
67
138
26
165
383
754
657
766
783
985
797
341
576
557
121
675
318
531
53
425
300
579
849
86
136
364
626
326
409
61
54
733
416
164
40
654
928
663
769
586
848
979
362
611
11
44
52
406
892
521
520
960
207
192
51
864
78
763
492
320
546
208
178
638
27
396
934
817
499
844
119
764
320
22
404
401
616
315
569
787
583
465
293
474
159
449
475
734
912
516
512
710
696
175
378
57
188
233
652
694
797
933
32
512
838
945
721
894
343
266
311
293
747
14
106
928
553
808
720
29
37
907
168
410
419
163
449
623
652
663
187
636
17
49
5
376
403
66
843
146
995
950
297
595
263
190
532
614
679
988
530
304
501
365
644
493
299
264
151
150
808
843
241
569
496
482
176
641
106
758
768
146
710
944
962
716
740
849
283
503
444
649
363
265
756
639
413
416
283
917
606
985
428
323
524
610
345
646
636
288
193
573
480
47
889
895
170
15
476
398
488
665
8
724
905
85
698
507
770
50
859
229
128
315
542
343
379
472
5
219
169
847
807
641
324
200
409
355
976
265
947
52
518
125
56
489
134
191
169
586
449
513
281
482
475
729
26
923
975
357
199
487
652
640
706
592
128
453
95
495
202
221
374
727
700
602
461
985
13
609
760
576
534
62
964
81
148
320
172
895
427
219
384
909
831
948
427
3
455
132
246
648
459
644
686
58
8
582
284
111
575
