901
779
536
299
950
653
678
160
681
340
455
452
161
232
439
272
499
165
740
995
93
195
530
959
767
85
172
673
114
395
809
104
826
141
114
315
295
346
819
643
985
564
882
747
585
298
622
986
232
213
632
159
108
69
7
678
663
239
736
263
147
673
657
687
715
38
711
880
118
587
899
271
569
794
624
224
437
772
443
734
112
540
823
662
210
339
827
469
195
620
761
571
542
497
448
237
60
327
101
442
373
498
396
462
14
663
734
106
517
734
404
243
884
915
859
17
505
946
398
651
691
531
332
500
905
956
226
693
818
798
51
7
299
487
579
33
799
102
713
579
290
387
84
284
617
508
770
315
692
319
140
567
637
593
668
646
338
910
906
78
469
189
788
297
887
988
116
56
526
160
753
317
968
690
371
658
713
964
178
902
498
191
604
176
941
697
828
94
822
175
518
690
600
409
556
421
413
533
414
90
885
803
405
246
833
259
926
523
347
667
1
875
210
167
731
50
923
541
237
776
95
249
199
280
993
59
765
776
512
471
87
212
495
436
557
309
2
192
906
879
910
625
249
13
192
431
167
708
826
139
600
959
145
516
654
782
614
143
440
657
892
874
455
100
270
5
875
965
104
600
569
621
85
28
710
243
878
316
16
22
525
295
862
386
703
825
625
264
684
560
378
435
698
391
502
928
706
833
310
465
610
307
191
246
198
408
553
615
455
987
62
319
204
943
974
626
26
35
1
380
161
419
61
660
22
236
589
132
103
677
135
87
539
910
273
749
618
9
505
630
525
853
862
950
266
276
399
189
871
763
177
884
294
587
864
607
348
373
75
473
718
698
565
532
385
872
669
908
509
754
952
648
676
254
482
433
47
752
92
89
107
976
29
904
461
401
619
640
290
200
84
785
697
932
452
862
200
515
304
768
15
256
701
204
947
609
454
335
931
776
281
807
146
805
786
271
735
880
503
252
914
317
59
274
809
105
690
55
775
527
581
12
170
511
112
373
482
394
335
178
56
860
452
536
911
816
993
249
17
727
76
282
33
215
60
372
466
304
448
548
333
124
55
838
147
474
940
721
720
167
463
864
520
901
65
169
678
817
197
559
640
721
560
714
413
158
126
333
105
918
176
466
143
514
312
374
679
325
80
164
776
123
430
401
163
363
613
932
44
397
322
325
115
711
766
59
344
168
362
492
153
98
478
797
176
332
407
962
178
743
445
555
41
18
945
598
310
743
141
956
833
968
957
177
74
814
496
231
982
395
57
525
296
423
146
575
687
778
540
444
915
273
685
91
315
833
175
231
254
835
682
196
394
714
777
169
81
314
47
325
421
180
218
151
298
314
797
201
378
408
262
523
742
391
529
70
233
363
987
183
913
188
522
233
339
596
947
311
22
9
745
257
293
226
33
419
156
407
830
891
75
208
283
446
25
821
549
902
39
988
303
862
49
812
24
116
825
477
232
253
341
279
780
506
213
299
419
789
246
157
562
761
619
890
885
301
165
320
891
644
949
284
987
77
77
965
804
883
724
824
87
113
853
21
514
996
881
588
716
543
457
809
506
253
52
503
305
234
842
396
10
325
218
511
265
388
623
92
501
225
653
35
853
66
363
401
765
39
698
372
345
803
493
905
33
801
959
101
251
715
451
178
130
852
595
770
807
3
614
161
233
659
540
87
128
273
108
482
495
873
491
652
425
655
764
743
805
189
225
626
395
46
580
818
910
615
630
266
186
935
703
778
423
908
768
752
334
847
645
654
663
820
776
745
584
760
323
335
197
933
185
148
609
747
429
812
441
842
16
55
119
777
965
597
648
477
890
316
484
791
541
301
8
143
711
876
517
133
841
734
783
685
235
239
542
716
788
568
473
985
56
406
856
677
316
172
321
737
868
273
171
555
464
910
191
306
151
88
992
871
117
715
491
217
955
587
905
349
511
774
917
46
740
0
232
918
3
586
521
158
935
53
455
470
861
934
333
642
613
110
144
836
306
48
222
883
713
611
450
788
62
36
999
914
284
268
887
603
108
589
279
709
960
54
492
46
3
921
324
436
584
701
991
492
375
768
209
697
474
145
437
709
468
950
973
41
645
578
253
52
495
569
728
34
577
497
947
104
342
598
944
73
320
9
676
179
100
60
606
644
82
762
705
326
586
634
37
73
394
292
768
124
889
575
223
12
220
176
549
688
23
722
225
340
620
34
517
973
102
452
396
576
843
257
114
353
662
392
437
779
101
83
705
37
771
542
872
151
467
837
643
37
385
799
951
744
597
153
908
834
