367
947
78
366
469
861
102
44
570
996
430
456
927
678
689
35
110
335
190
462
532
929
517
245
130
361
716
436
867
882
601
683
161
135
962
967
232
486
892
412
857
937
15
269
60
140
318
700
702
893
447
486
682
421
945
223
336
889
95
321
468
325
959
737
578
231
905
894
440
573
886
967
684
277
913
173
936
916
270
147
609
526
954
824
991
331
555
933
167
864
834
811
416
499
264
815
1
698
618
523
421
327
538
578
108
711
147
340
795
980
159
300
945
997
301
803
451
918
471
868
103
813
342
399
196
838
16
820
333
849
90
101
896
435
299
967
487
526
443
254
549
130
311
581
988
164
658
9
342
95
551
627
56
166
843
844
611
503
527
467
265
948
863
888
18
629
97
113
172
690
371
471
264
146
854
733
548
397
733
164
213
16
387
216
936
18
554
336
883
447
942
263
732
337
436
404
852
474
918
821
253
634
143
148
745
596
895
732
725
576
789
7
367
289
917
546
59
714
913
811
408
925
685
683
118
870
705
752
771
804
594
517
987
542
987
39
992
999
150
760
700
316
933
220
271
241
736
164
291
567
406
999
737
421
140
984
539
532
898
416
575
35
841
546
595
239
959
905
688
557
6
810
256
967
567
724
62
2
246
619
902
721
66
371
976
347
873
472
60
746
462
695
124
149
449
554
931
587
507
124
370
828
701
641
149
710
233
459
747
862
836
579
469
22
988
597
48
306
83
145
91
520
801
347
668
638
851
754
149
546
851
247
1
350
546
543
893
473
533
304
233
110
834
577
709
44
632
401
322
219
417
592
471
448
514
772
487
911
266
213
490
775
603
520
56
935
982
684
764
203
854
729
869
69
147
804
32
369
7
717
891
85
771
966
313
807
682
783
261
567
123
606
955
57
267
256
705
330
123
611
105
854
878
337
177
688
979
280
132
12
560
951
716
507
301
933
557
459
860
921
22
155
869
97
191
673
69
354
712
49
569
961
497
265
543
939
316
489
73
671
843
490
956
99
69
493
939
824
134
451
253
894
844
759
271
224
700
222
239
466
947
125
157
865
408
789
894
452
335
859
688
62
283
835
116
794
751
965
962
215
965
130
347
221
931
120
685
834
642
855
663
466
675
411
514
925
515
418
577
897
973
267
34
962
505
50
779
855
769
131
642
624
95
466
797
352
513
712
423
194
354
389
889
542
902
944
284
73
553
293
488
182
200
884
85
580
463
889
326
810
222
987
771
588
166
801
409
750
780
607
596
466
985
804
754
903
713
889
899
46
262
796
407
692
962
592
794
83
130
111
202
428
747
426
292
644
148
743
839
365
889
337
255
22
512
798
599
471
685
702
596
451
385
18
446
171
439
970
38
765
861
138
987
379
364
151
8
355
361
898
548
209
219
740
575
724
484
50
829
217
123
622
783
208
808
399
750
5
802
890
471
509
214
977
829
526
383
511
916
376
426
228
285
64
733
153
525
616
351
602
435
305
568
604
103
797
113
42
341
525
42
393
821
539
194
897
858
292
408
70
821
43
934
427
573
470
542
853
931
590
72
930
688
874
584
157
866
546
311
588
875
845
341
265
305
111
845
572
113
189
431
903
707
785
488
414
513
768
975
80
105
557
723
244
148
412
829
669
299
296
376
902
984
276
428
38
802
685
897
403
596
224
383
624
355
300
263
509
823
737
177
228
969
767
464
784
274
205
444
301
703
349
373
229
568
10
545
194
79
250
17
345
144
405
512
625
840
782
382
259
411
476
69
739
815
27
550
570
818
330
336
391
601
470
259
959
873
258
317
592
296
774
452
827
261
135
514
174
987
943
827
819
509
956
740
564
916
131
15
965
294
81
192
194
640
303
183
326
399
669
951
120
502
428
929
670
316
529
704
77
187
637
455
380
311
854
747
144
857
112
124
97
658
18
990
448
997
942
803
95
568
24
412
415
145
950
126
842
718
153
597
641
213
505
24
297
493
624
68
765
146
374
330
978
365
278
359
936
760
101
800
863
999
780
236
110
650
495
427
70
817
371
269
483
950
7
972
209
53
840
308
845
550
124
691
703
53
901
343
719
226
443
347
461
314
620
290
897
525
430
37
107
662
498
307
83
730
785
244
220
166
669
825
308
669
866
698
6
168
595
63
163
969
712
844
343
17
582
378
509
338
279
40
173
123
832
179
59
631
911
900
168
193
727
524
921
693
951
602
252
884
825
702
89
793
105
820
734
222
69
822
66
447
211
291
380
639
128
871
265
30
865
6
485
753
850
119
753
958
960
