75
531
170
348
946
77
961
656
12
726
557
347
992
616
361
598
983
679
969
885
623
548
912
976
730
508
168
396
99
910
393
795
531
408
446
790
869
61
783
588
879
666
115
600
990
143
526
134
348
157
254
681
239
210
401
753
388
353
551
864
627
49
366
25
519
755
409
252
265
581
929
606
94
482
278
369
535
674
573
92
830
860
166
130
782
14
334
243
698
88
110
905
795
282
623
651
84
343
248
81
581
134
679
690
102
74
494
337
307
345
856
46
297
733
999
550
266
208
380
295
84
237
675
983
52
922
112
43
958
77
19
264
378
195
604
370
628
794
712
217
83
685
150
741
482
343
762
184
599
215
720
452
737
6
521
930
852
271
496
323
691
489
60
837
904
767
205
494
248
252
808
934
500
841
934
559
126
108
728
849
320
568
836
185
507
180
199
402
353
142
119
836
626
9
936
386
887
657
848
235
811
48
539
584
777
157
863
91
863
334
654
644
9
39
659
781
336
617
95
472
563
719
808
630
100
882
412
199
163
737
29
39
459
766
663
787
898
355
304
171
265
939
696
496
845
400
835
140
314
835
258
106
20
493
68
580
110
344
811
465
924
565
497
785
752
574
996
474
561
61
225
962
382
948
438
165
144
825
321
119
846
459
516
333
916
956
275
27
499
401
267
699
281
963
848
874
120
947
479
920
770
310
807
1
850
845
635
292
633
684
454
445
609
376
237
397
197
923
871
828
739
554
346
940
514
317
837
891
105
585
213
308
584
666
758
955
947
25
129
357
897
210
101
212
909
524
53
535
417
245
177
549
426
53
935
68
556
207
448
185
237
668
556
952
818
361
408
733
997
18
670
875
538
522
841
784
511
15
628
410
23
911
762
611
234
920
613
977
986
30
596
76
181
866
827
980
462
413
616
963
36
999
597
578
593
327
388
49
441
613
868
786
451
583
84
776
137
775
30
835
682
801
76
184
209
444
763
277
621
930
169
728
335
350
983
614
503
317
758
332
80
451
245
388
710
465
160
874
10
769
271
135
215
117
994
687
189
789
267
23
415
619
48
347
761
498
465
255
849
591
62
722
81
904
678
627
151
357
49
520
946
481
579
75
756
514
687
920
306
0
966
301
658
746
448
596
247
153
616
209
921
252
783
346
684
312
823
369
439
800
667
453
916
760
41
326
153
563
847
265
920
773
250
69
884
223
721
865
699
758
232
526
866
890
491
308
178
975
562
100
477
458
525
712
302
375
238
458
734
999
547
37
728
38
290
65
799
218
893
820
628
495
730
873
184
51
473
596
287
531
364
930
518
827
154
872
726
232
340
403
684
93
610
103
536
490
276
704
245
448
158
620
783
224
160
701
534
473
541
101
204
7
101
460
3
406
497
155
936
218
0
83
278
318
882
848
806
25
295
52
950
519
606
869
490
711
970
681
899
889
972
923
574
994
257
826
575
206
248
576
698
891
134
416
957
401
683
715
801
686
36
846
968
337
169
823
231
454
167
631
722
551
139
419
531
409
998
20
911
58
479
209
694
692
32
777
767
779
81
631
501
761
77
51
169
327
599
223
708
392
713
49
826
952
322
860
619
791
972
311
705
525
63
323
676
560
854
962
255
422
168
476
171
144
571
269
521
850
749
919
217
29
94
667
334
31
435
208
437
763
752
822
272
748
573
615
766
222
679
624
727
697
564
129
151
615
488
616
377
927
452
704
828
576
999
520
972
454
822
576
683
672
258
555
934
729
712
98
409
152
155
353
100
613
942
914
313
637
797
153
486
425
464
50
111
623
432
797
735
807
956
524
806
361
161
434
88
228
92
942
789
563
213
158
966
286
567
630
169
532
572
778
309
997
878
184
560
659
7
430
240
554
175
508
760
672
497
329
496
231
878
310
234
64
146
82
317
846
214
461
933
455
498
170
262
565
455
350
765
783
149
606
399
265
682
842
628
158
141
830
139
243
756
469
360
855
474
388
194
170
509
726
944
885
141
799
599
994
490
958
789
473
474
845
862
52
67
332
827
350
598
108
903
837
444
763
137
753
728
837
978
44
716
834
370
406
910
548
920
548
433
273
399
320
1
127
107
206
130
798
742
50
223
118
709
613
579
360
71
288
178
724
720
270
238
381
626
610
451
338
39
206
681
787
706
71
54
721
322
182
798
133
647
689
951
306
409
873
169
40
491
243
673
535
110
590
969
772
488
767
139
822
694
837
696
690
838
995
865
379
891
181
683
905
139
14
21
37
510
260
451
876
968
589
804
525
185
538
609
214
