420
220
400
58
935
676
720
285
672
543
41
681
276
529
975
719
658
354
601
533
537
584
6
189
136
634
904
129
735
915
345
962
622
858
747
50
324
54
855
211
57
570
111
54
462
54
642
354
148
806
942
713
810
254
454
17
756
205
401
993
837
772
291
506
23
932
126
725
849
223
59
374
138
470
352
134
935
966
660
326
109
441
30
276
992
998
656
98
383
622
453
288
142
625
529
611
49
387
970
844
64
683
41
244
381
869
155
723
647
231
93
425
669
36
632
566
417
885
966
376
577
648
66
354
956
578
901
231
126
377
180
417
258
603
731
286
573
515
292
754
745
605
420
848
391
208
340
882
35
575
734
851
204
953
64
906
788
137
470
863
388
686
555
815
209
72
329
591
851
695
351
897
550
221
85
375
218
425
45
308
597
827
146
90
367
676
66
411
972
246
573
845
706
324
874
309
100
574
369
466
281
444
437
671
576
706
159
494
80
478
733
777
84
684
672
841
773
709
81
148
763
406
961
356
282
813
437
707
9
121
420
146
964
123
601
729
655
788
537
574
952
780
49
495
694
212
638
964
837
848
831
83
826
16
953
723
494
900
654
35
232
915
538
471
971
667
361
769
662
217
609
823
635
930
744
777
103
20
565
365
563
796
428
925
705
169
196
154
35
833
884
647
582
204
83
846
957
50
187
80
421
448
108
152
235
95
113
504
129
810
459
361
167
424
504
978
660
111
344
654
617
515
761
440
475
889
470
369
676
119
403
22
939
109
18
835
195
338
373
785
58
590
718
348
572
521
792
485
591
646
678
567
465
483
997
148
634
648
172
713
778
218
136
439
280
811
382
992
788
427
814
8
350
372
743
124
704
864
388
417
838
664
133
977
604
17
468
667
407
189
922
100
115
564
494
226
531
387
955
454
445
996
703
410
965
546
740
780
227
696
213
789
885
716
371
291
415
521
131
754
3
788
49
463
279
671
866
892
782
142
231
425
820
761
661
275
127
224
477
193
62
657
220
711
528
783
576
138
264
3
476
724
212
285
264
83
711
560
622
797
794
742
567
483
995
815
106
256
177
324
580
636
92
558
813
341
538
717
239
580
66
784
663
498
618
13
51
332
626
782
573
482
716
568
406
19
836
776
875
915
169
327
164
616
624
38
600
933
113
522
543
519
69
445
251
443
222
696
324
985
834
958
745
45
963
508
680
984
977
870
262
487
659
284
509
668
165
957
187
518
653
308
844
369
22
384
607
678
738
949
630
827
819
47
188
663
982
121
372
846
304
257
758
530
288
798
512
508
205
597
131
329
468
266
679
397
697
633
484
988
270
112
17
255
863
920
921
82
984
718
516
609
886
822
661
284
93
452
652
428
899
557
355
495
557
739
210
384
127
57
947
822
213
130
127
790
588
330
105
795
599
418
665
75
755
604
375
142
421
347
979
353
243
307
582
25
94
757
199
736
8
22
512
17
359
929
852
715
265
39
594
523
858
895
53
566
842
76
493
990
759
105
875
207
708
759
522
401
449
821
755
136
901
795
365
785
51
455
606
208
79
30
515
908
777
96
788
117
344
284
214
905
421
239
787
150
360
512
419
827
266
34
119
274
582
489
849
276
206
688
550
650
446
289
707
985
292
782
889
295
570
239
821
693
998
397
674
697
193
197
476
803
373
137
264
239
279
49
337
277
639
560
348
296
385
861
743
719
725
855
517
310
604
994
243
702
199
219
223
821
610
521
788
891
120
965
578
675
42
453
376
42
387
818
342
8
311
711
409
457
264
496
975
203
925
844
681
645
127
99
414
711
846
423
87
52
161
763
152
613
34
283
653
457
901
137
379
899
332
193
1
72
860
868
840
426
380
945
101
650
970
487
724
617
8
21
952
971
436
406
662
826
875
978
351
380
524
961
905
66
512
371
223
813
260
186
433
503
145
381
888
25
52
23
816
520
590
828
640
895
358
503
84
260
689
352
53
731
74
11
997
196
856
451
191
670
590
408
94
134
374
978
656
689
818
821
269
423
961
884
448
56
662
856
849
362
797
950
563
561
999
915
503
777
817
110
909
582
282
592
74
551
737
906
804
762
336
227
775
207
859
850
809
800
597
531
836
296
305
511
320
236
715
458
234
449
654
224
20
560
919
432
534
104
862
389
623
409
144
863
654
513
196
163
324
921
932
506
176
959
640
340
797
292
770
0
256
192
66
547
691
481
531
180
14
939
845
321
897
722
667
68
395
660
735
691
535
503
643
593
271
349
338
931
328
763
288
183
659
550
