551
563
364
228
640
455
857
873
799
120
618
394
617
557
853
968
272
29
384
300
75
876
244
46
531
761
494
981
977
816
235
560
557
163
296
85
552
750
473
922
135
144
7
705
288
366
468
294
886
966
253
6
917
809
860
770
664
899
438
23
248
97
31
677
690
191
785
804
9
237
635
583
280
243
271
610
99
509
86
719
595
538
370
626
307
473
941
707
453
525
184
921
433
303
651
442
759
866
634
256
870
924
156
680
754
228
491
58
916
774
869
890
654
416
219
740
181
59
789
120
875
660
107
525
399
387
143
853
770
161
259
859
726
432
924
382
622
126
733
465
69
857
940
143
903
635
779
969
740
417
930
35
739
944
891
549
391
529
511
746
411
222
260
372
427
642
259
312
288
202
273
531
829
877
487
249
808
551
68
764
732
628
377
438
40
281
564
892
653
832
958
600
692
965
461
152
458
145
768
131
387
310
161
295
160
64
828
54
959
776
499
863
49
757
119
795
869
697
751
792
202
280
312
672
456
590
813
685
556
817
502
886
200
886
0
224
284
902
290
776
293
320
606
531
101
318
834
331
60
887
878
610
183
132
916
236
263
609
943
809
206
451
931
633
223
664
163
787
411
60
923
441
25
189
803
55
411
360
826
714
508
808
151
723
798
732
814
171
214
820
67
951
647
383
835
429
543
908
677
229
766
949
398
906
306
913
326
480
824
993
135
48
350
368
576
668
313
675
882
984
827
434
411
313
13
403
660
125
622
558
42
601
265
495
825
794
854
492
540
357
203
861
639
92
375
180
398
383
199
200
959
751
389
202
716
797
100
910
792
175
717
620
163
138
115
142
114
90
953
492
66
175
899
303
190
269
718
145
829
964
758
256
275
509
799
590
33
826
626
347
71
472
159
905
311
857
685
588
598
540
679
593
792
338
745
555
7
148
386
575
508
818
189
340
752
150
455
222
542
449
428
967
365
463
39
184
369
460
419
44
52
668
339
104
316
764
304
505
227
244
913
942
666
183
874
590
226
628
731
370
927
991
194
709
193
550
552
498
185
141
7
719
385
293
384
954
665
949
3
17
939
688
759
570
409
496
911
564
734
67
846
642
153
74
963
697
82
738
701
55
685
156
475
949
703
412
331
909
358
659
348
545
60
205
492
703
512
250
765
390
201
926
449
796
854
985
665
443
177
137
433
373
175
221
391
839
644
26
127
178
304
340
351
996
318
205
678
547
245
767
961
736
886
199
688
361
273
526
938
640
864
679
340
893
546
18
756
240
282
796
346
468
614
482
857
285
543
491
253
682
594
879
654
359
697
77
895
675
915
784
819
332
644
927
792
942
696
43
897
302
347
9
894
93
176
105
35
647
508
139
291
93
590
479
213
583
313
611
231
184
797
335
427
456
489
791
741
838
485
974
698
638
582
883
148
798
802
873
509
80
458
514
925
766
369
236
444
421
365
400
838
560
278
34
687
768
349
771
610
773
606
882
180
31
685
202
982
538
115
727
101
636
627
450
393
229
887
518
525
154
885
324
816
947
725
148
498
549
115
989
340
328
432
117
216
899
932
46
962
739
998
182
429
49
437
28
991
322
517
659
203
613
526
17
733
784
98
276
767
872
825
286
286
765
197
725
70
202
769
251
288
817
702
548
553
968
845
261
669
843
582
919
901
491
363
596
217
263
170
404
88
947
766
564
533
437
54
74
492
970
947
642
793
515
325
699
250
805
446
977
899
911
986
965
496
307
949
563
491
536
75
154
244
333
619
834
47
626
405
508
765
563
345
665
795
703
745
635
164
320
195
859
514
146
28
436
966
988
69
813
183
714
707
322
550
989
13
434
610
88
108
272
855
642
189
474
970
948
462
503
784
520
444
549
575
554
656
476
149
999
291
947
21
602
753
991
665
446
243
595
59
333
409
171
748
649
267
669
264
176
593
435
830
543
583
21
363
869
172
303
961
503
378
234
596
988
610
251
516
203
290
878
289
710
674
263
118
430
9
259
690
787
266
348
625
100
40
409
318
875
871
522
223
987
780
75
958
700
991
532
265
547
712
427
43
975
705
860
819
585
36
305
700
49
479
993
90
202
251
538
90
39
442
90
558
708
796
966
480
300
362
72
885
777
184
820
443
253
291
832
382
543
894
137
200
927
862
292
184
885
171
582
524
517
94
458
601
400
814
363
34
815
767
284
21
901
207
508
602
794
560
289
8
160
338
170
561
740
86
741
40
685
899
379
502
42
337
843
454
890
576
966
128
642
183
160
360
60
830
710
