559
790
552
915
62
315
348
544
341
414
870
988
674
477
139
295
328
618
389
944
591
392
985
690
966
478
138
835
232
67
460
133
292
117
222
933
686
991
102
717
980
417
499
851
518
806
320
866
835
208
62
261
36
919
582
801
262
709
632
205
147
268
650
505
880
137
707
264
127
772
952
538
864
530
555
879
18
53
333
541
718
557
887
491
17
13
352
860
760
380
527
775
852
359
621
383
748
617
54
144
822
657
855
628
542
201
875
270
368
725
899
482
301
733
338
426
465
98
64
538
485
412
867
702
108
407
85
345
954
279
715
552
975
599
253
766
492
592
709
245
269
365
815
132
468
803
750
273
650
420
308
196
679
18
943
47
204
907
448
185
706
226
447
86
996
806
637
730
74
272
690
141
454
671
641
598
746
447
972
612
400
155
788
894
655
268
924
613
98
841
411
153
305
614
59
445
984
525
914
367
725
550
557
381
439
304
636
487
952
569
58
257
932
273
331
134
265
293
856
828
230
612
11
746
717
180
645
231
795
879
897
754
120
989
404
181
329
230
468
395
112
267
857
513
299
843
386
98
128
135
205
823
205
893
26
245
508
98
302
884
832
48
466
516
7
256
734
569
369
644
417
256
350
108
236
224
847
905
423
661
431
193
605
134
237
693
864
951
958
232
90
332
412
980
852
196
77
986
661
919
568
621
986
834
898
880
722
497
573
193
536
680
855
534
924
23
298
986
669
341
468
454
136
518
503
53
622
589
314
926
603
863
46
764
816
137
773
633
694
192
963
178
244
631
415
468
226
512
389
335
306
379
517
586
17
706
400
339
738
286
276
794
695
687
896
176
930
18
183
551
228
984
590
730
245
914
294
184
650
586
197
325
828
85
411
881
744
322
677
846
22
842
989
414
534
551
489
606
8
610
501
10
340
604
138
461
279
156
528
272
874
285
108
812
600
650
481
471
848
218
991
214
888
630
686
164
105
122
188
839
576
574
209
264
292
693
918
649
468
714
973
343
880
384
463
164
529
792
634
945
638
229
677
981
784
690
266
492
334
175
212
220
612
543
33
16
886
683
971
688
382
353
759
552
177
586
421
275
705
409
945
445
319
503
383
969
878
724
347
207
434
571
240
421
606
955
172
207
117
63
907
710
850
372
435
802
408
39
891
456
298
507
942
552
946
550
764
327
681
10
143
151
301
886
11
428
329
26
74
65
744
598
324
786
450
377
850
36
709
570
353
708
177
763
929
560
335
319
242
955
447
172
169
947
763
333
22
961
464
154
828
625
284
465
790
218
479
478
676
374
729
877
634
805
289
596
266
276
454
8
666
941
993
731
59
54
92
764
10
271
469
430
84
192
317
883
906
556
333
502
122
435
776
457
477
252
560
620
896
895
76
215
992
702
906
188
396
616
813
319
391
750
410
951
558
338
595
857
538
443
5
615
662
801
367
960
755
180
593
257
950
974
459
938
789
93
138
292
866
922
563
484
133
91
785
488
144
946
527
4
229
959
196
843
273
263
864
602
565
163
270
855
127
174
693
213
997
537
385
838
856
921
471
68
233
513
228
690
593
569
724
112
625
875
199
681
742
461
663
209
809
827
915
672
984
430
128
563
651
291
432
330
530
781
278
16
791
224
71
701
422
863
84
304
5
622
312
606
675
787
529
186
540
936
764
733
809
993
608
847
354
410
615
727
582
111
321
246
257
169
669
661
397
18
946
354
843
663
895
187
424
417
134
95
797
111
314
308
929
728
481
973
868
154
552
926
627
235
534
514
692
424
36
864
53
124
282
335
831
843
505
291
156
483
628
927
697
638
815
390
934
791
336
488
126
926
533
708
697
842
985
771
151
95
175
608
543
56
881
346
10
301
256
333
859
882
86
8
577
560
304
143
73
2
897
528
466
94
136
996
533
718
791
160
724
839
432
483
863
530
110
997
852
980
155
459
397
260
269
59
567
457
845
683
296
657
726
258
807
930
6
878
180
549
770
278
458
543
821
817
690
6
412
338
162
83
722
542
26
54
569
891
81
203
128
813
167
32
400
413
0
154
503
222
121
831
190
446
737
949
899
470
223
87
182
237
715
752
174
865
128
137
72
177
428
560
190
857
642
980
776
912
274
489
804
637
338
857
915
441
129
688
578
754
92
614
350
615
685
225
328
399
892
803
704
89
19
392
876
54
355
803
222
569
259
949
875
607
952
480
755
532
453
883
985
19
81
806
154
214
336
988
802
333
257
309
496
489
448
383
580
844
589
26
878
276
610
917
341
384
