451
351
793
204
892
275
175
156
338
729
303
508
102
824
212
49
743
874
368
259
839
35
481
792
612
540
884
421
13
302
397
959
402
699
553
529
469
926
339
112
939
916
692
70
922
257
444
937
531
434
139
799
209
785
27
540
827
20
440
627
465
569
846
622
140
835
729
5
770
699
23
522
553
225
282
931
591
166
434
465
795
404
750
472
892
409
73
228
877
168
760
185
367
134
53
329
414
171
241
595
380
115
971
332
288
451
33
837
395
576
175
266
808
739
889
190
731
818
485
974
546
455
511
373
867
715
114
650
18
558
772
328
965
145
80
588
93
221
265
375
472
55
511
833
191
805
616
108
44
527
11
749
168
79
277
801
840
217
512
482
871
976
683
947
998
352
853
814
145
792
968
571
44
154
483
441
259
602
755
208
466
653
867
145
960
459
703
42
180
48
47
964
800
92
895
552
996
695
438
842
913
833
447
386
318
897
264
353
113
154
953
267
641
837
821
510
336
598
786
425
604
290
979
5
849
102
422
199
505
176
505
237
815
917
928
751
95
98
761
438
761
591
265
589
341
675
388
307
807
120
474
636
243
628
264
872
216
643
374
512
624
719
73
835
964
30
867
351
394
887
387
597
988
391
284
677
552
914
590
221
647
674
923
268
441
566
561
978
635
87
624
113
157
857
226
807
337
372
564
834
258
313
984
378
77
271
393
304
311
316
276
962
919
633
994
359
815
53
98
105
89
505
20
809
806
940
295
392
662
682
553
89
583
734
35
275
556
862
36
441
957
140
215
657
703
604
212
796
848
541
423
381
293
817
507
568
829
208
595
790
677
613
449
296
970
647
510
768
212
746
904
832
169
100
876
681
214
472
121
54
198
327
289
118
334
506
735
333
199
858
795
512
979
563
292
102
338
757
24
647
537
828
384
666
298
624
498
134
648
919
122
193
639
963
123
919
737
691
132
275
128
62
393
840
710
823
237
749
460
804
669
24
542
838
840
666
633
184
772
623
548
327
301
846
79
449
824
899
298
429
641
138
742
847
300
854
287
928
818
946
369
582
614
698
432
2
826
351
905
996
140
323
782
565
202
454
2
635
652
583
315
460
499
556
269
198
324
33
702
629
240
994
200
138
545
137
425
133
933
667
187
854
810
510
463
208
790
799
360
833
258
546
848
725
101
284
510
588
675
868
141
627
199
435
397
391
33
874
633
959
902
377
891
123
794
611
209
902
853
819
179
383
4
936
592
378
419
104
389
416
12
418
970
191
310
438
908
915
556
299
343
619
624
368
4
526
567
658
619
51
148
458
762
805
606
944
607
593
194
253
274
917
997
371
634
282
107
725
200
934
481
815
228
842
878
372
912
32
486
534
815
8
472
307
943
210
468
249
177
491
358
685
214
37
545
383
38
387
880
232
556
418
78
253
925
9
387
94
419
395
142
363
258
708
885
836
507
528
810
106
177
310
396
742
650
618
931
7
46
481
131
536
675
699
205
434
236
29
566
64
564
106
433
802
285
693
31
270
630
482
642
186
340
326
736
842
950
777
820
73
859
345
35
437
689
653
598
480
532
141
210
356
287
982
601
643
133
732
815
53
437
766
108
538
319
184
557
992
232
173
587
510
838
620
983
516
951
554
227
771
765
328
465
772
573
69
870
911
337
584
573
180
358
837
603
426
140
991
846
592
831
326
403
281
430
883
982
872
485
116
266
629
428
575
970
753
795
278
279
416
237
89
10
102
903
955
51
758
954
393
850
496
923
912
187
81
212
373
708
51
518
217
891
742
12
42
193
256
960
299
792
41
76
905
835
103
142
204
504
430
369
612
443
275
586
268
806
754
248
849
991
632
444
762
713
897
248
151
357
470
9
399
261
527
342
192
597
744
847
347
898
266
915
903
960
211
357
49
492
981
754
393
756
341
84
699
576
570
406
869
679
988
151
218
919
920
697
125
453
987
405
640
644
269
784
16
306
700
826
339
858
9
945
120
93
594
303
142
793
452
573
471
255
613
20
717
770
460
903
66
179
618
974
146
476
868
462
713
129
919
983
474
492
262
947
55
530
565
223
562
248
498
570
678
692
528
548
494
410
727
583
901
110
967
134
676
107
269
702
997
571
959
281
543
792
232
991
505
260
808
644
386
212
530
648
574
240
613
445
296
309
628
762
302
577
582
97
889
152
297
807
428
907
650
783
638
944
288
151
755
94
844
533
879
140
535
895
662
594
580
951
52
684
404
678
583
247
686
861
202
110
379
723
896
676
713
31
984
252
266
