726
372
505
923
644
58
324
598
274
416
928
983
501
404
356
192
396
580
347
766
691
472
985
727
897
494
347
849
117
111
782
254
49
58
407
891
550
988
197
724
974
654
571
607
431
641
392
876
886
244
40
393
14
967
672
560
242
360
309
187
412
343
515
418
443
419
285
369
225
576
638
564
525
784
637
812
354
79
231
468
608
822
854
390
52
11
436
719
787
246
600
942
876
577
813
504
733
545
192
219
876
853
798
229
739
159
870
627
472
576
412
550
423
653
282
407
597
561
206
683
486
198
744
917
165
347
199
336
925
228
819
808
948
657
553
473
116
439
683
657
188
664
379
200
634
849
833
142
735
561
113
172
623
18
882
118
99
833
278
363
955
720
155
303
995
854
560
763
159
625
518
79
567
639
593
721
768
484
952
372
41
126
712
843
588
681
747
604
162
708
633
100
347
470
285
480
981
804
892
390
712
617
795
278
538
400
451
479
922
605
53
256
630
292
208
173
187
224
758
808
587
582
89
723
481
262
427
482
655
723
825
606
179
996
347
212
349
213
599
360
121
164
752
303
516
887
411
167
133
99
385
861
394
692
74
151
380
225
247
659
321
37
700
251
6
126
304
695
62
641
870
262
398
237
446
224
885
891
331
817
303
35
623
357
134
641
850
956
969
266
150
613
439
984
796
122
202
974
354
846
736
838
984
390
787
881
618
532
447
89
297
776
917
487
927
118
574
890
540
451
643
492
923
540
520
98
540
691
329
749
753
767
21
477
770
275
800
553
699
528
804
116
402
627
370
311
234
617
393
564
539
586
696
800
20
700
299
463
666
215
493
640
696
806
990
103
865
63
290
766
214
960
392
369
241
432
181
141
317
573
378
207
856
24
839
856
662
350
539
926
3
852
970
321
447
679
755
435
1
762
489
17
197
434
136
86
259
74
400
348
782
212
102
881
717
571
578
237
520
258
982
251
628
723
717
146
139
189
65
669
295
498
288
137
565
535
978
234
676
299
951
241
841
379
710
502
513
662
635
933
928
475
686
983
765
626
136
424
222
648
321
240
671
762
36
558
868
548
973
243
313
192
687
206
44
603
328
573
595
324
967
525
309
437
689
965
814
676
145
433
369
317
341
358
485
933
120
357
40
31
975
732
836
412
514
710
422
59
899
311
213
435
882
551
965
703
588
242
660
60
91
361
213
857
13
549
356
90
73
35
726
59
269
908
406
209
754
5
799
428
733
651
312
675
771
539
97
115
41
959
614
304
286
930
769
215
67
842
536
256
445
537
52
518
746
50
427
423
683
610
727
789
443
873
171
398
19
143
542
7
712
976
990
526
118
286
16
621
44
155
427
552
425
198
287
938
877
741
311
278
98
152
398
681
194
542
685
225
388
819
52
201
986
566
922
122
204
164
832
533
357
748
211
841
658
147
671
928
481
505
5
718
545
892
361
862
494
359
620
299
888
917
547
672
872
97
138
279
885
755
206
338
85
84
685
435
110
914
288
9
408
943
246
788
174
496
941
600
829
100
620
932
172
342
730
222
998
425
526
884
839
930
527
82
418
516
71
611
457
436
773
73
183
918
168
769
460
589
256
334
776
729
702
724
989
373
43
605
822
442
400
412
365
443
328
19
848
380
42
901
377
911
317
241
21
617
560
729
513
675
336
343
557
753
499
577
750
991
499
815
270
773
472
823
653
89
441
368
258
146
657
705
199
59
901
114
885
604
936
251
781
476
445
84
893
71
392
564
944
197
551
929
40
411
352
867
502
255
650
377
760
346
68
783
58
137
370
313
867
716
414
455
375
327
620
951
759
686
646
356
896
632
289
641
276
878
307
659
599
657
983
716
121
24
186
669
673
148
822
292
30
253
457
502
751
752
110
35
640
222
495
125
88
2
901
605
640
117
101
985
448
933
865
284
908
897
548
708
597
488
269
997
676
962
363
504
763
166
838
261
270
654
809
605
318
894
727
281
733
948
15
659
243
481
855
366
389
491
752
812
743
7
481
694
74
350
697
496
5
12
255
928
8
734
99
955
195
305
375
222
0
314
563
287
54
830
178
356
400
931
924
313
140
55
141
450
592
786
259
849
482
182
185
288
206
414
195
954
633
982
525
870
251
157
825
321
932
941
844
817
56
543
797
800
355
827
345
796
671
375
254
437
897
874
474
98
63
438
812
77
492
842
872
191
376
953
394
647
758
757
987
166
640
884
983
18
150
59
185
236
376
982
875
541
463
369
617
368
497
233
718
974
705
45
926
12
653
944
199
566
