439
405
602
822
356
507
142
146
181
951
381
576
397
432
222
35
693
920
607
790
972
122
849
922
450
131
504
62
6
190
683
538
404
777
598
926
400
11
527
203
958
788
864
270
712
615
527
733
148
146
772
915
13
71
130
344
356
140
559
967
762
688
939
334
187
865
324
276
858
690
155
422
693
693
676
448
975
502
762
352
371
499
656
374
792
521
69
252
784
470
802
107
557
680
46
441
308
203
410
841
206
11
834
253
272
614
458
877
114
206
125
130
346
603
950
245
751
877
193
950
162
353
617
481
597
617
843
204
53
819
685
196
76
571
141
607
263
864
255
543
744
108
36
836
173
351
174
136
243
567
13
829
200
26
151
623
680
343
479
257
572
962
685
824
993
365
844
823
781
781
826
487
81
99
530
528
275
423
930
264
247
388
635
540
947
764
431
34
346
47
96
330
300
151
564
717
957
918
233
824
610
662
681
659
888
835
358
940
225
235
610
243
878
160
659
127
180
295
132
265
921
732
880
336
540
183
48
365
405
172
545
169
878
1
981
948
698
124
764
184
737
518
390
477
747
802
201
596
942
112
215
417
747
769
114
763
769
386
163
264
744
574
54
462
955
395
838
200
720
963
120
557
967
821
168
870
607
863
314
204
575
233
920
357
134
220
310
955
727
86
877
129
344
687
256
571
488
14
399
887
293
125
835
97
762
163
673
523
290
76
750
993
602
624
899
350
756
255
210
71
23
456
519
592
944
825
345
889
417
436
844
301
764
528
143
267
242
537
472
628
926
171
357
909
617
697
619
511
761
674
86
297
608
950
332
168
718
190
371
820
232
317
843
967
988
795
989
892
96
429
860
900
189
835
826
880
285
685
205
16
268
694
717
468
187
523
986
273
371
746
962
694
961
134
844
148
59
383
101
485
290
357
225
671
259
428
994
927
609
493
338
210
772
899
145
748
506
664
376
553
610
54
500
587
766
735
664
534
647
827
779
255
597
889
731
231
765
440
571
915
66
209
231
782
185
411
694
345
183
581
131
70
829
210
921
424
441
486
892
875
928
216
619
699
600
0
334
219
991
984
124
370
262
410
585
509
39
443
348
829
54
396
910
821
47
304
868
287
334
774
229
909
514
18
63
602
554
158
626
337
657
420
955
668
573
319
484
711
259
755
675
243
510
247
96
116
320
512
867
916
599
629
652
767
612
262
351
949
715
942
801
701
713
2
621
680
320
460
821
19
327
408
86
930
225
600
602
425
244
289
21
300
743
86
481
841
119
891
657
222
592
539
372
509
25
663
463
487
625
141
399
12
428
647
270
941
55
265
57
87
272
802
169
157
47
149
326
916
20
600
657
936
100
883
789
948
871
199
488
777
672
953
422
528
903
413
670
352
829
793
144
640
549
628
517
164
190
146
509
244
300
471
399
252
851
59
101
143
484
639
472
452
264
241
714
772
522
615
672
599
195
461
509
924
235
264
658
205
178
146
266
98
804
864
330
782
52
484
901
204
767
290
401
570
598
754
27
463
501
851
34
628
133
226
265
754
396
448
829
18
690
624
525
755
829
118
81
870
214
362
74
815
592
997
558
955
48
661
441
397
781
398
496
805
68
348
943
725
340
191
234
606
698
395
821
368
984
669
221
809
681
176
124
528
451
2
128
888
249
202
420
156
286
594
647
350
740
979
837
508
712
103
229
353
439
643
935
850
461
63
80
354
216
534
854
324
775
199
531
70
26
155
46
76
524
787
40
484
638
442
875
931
875
847
356
345
939
362
595
505
335
476
694
344
50
221
224
516
925
566
707
229
428
739
964
552
178
2
835
262
719
297
245
712
440
120
903
616
455
921
997
725
200
344
743
536
155
177
547
498
118
496
544
468
408
459
324
521
783
125
719
98
984
401
211
37
334
521
716
320
960
537
591
881
225
344
632
320
579
854
406
841
327
425
318
982
560
34
943
825
140
487
692
633
412
0
386
692
431
691
813
11
854
289
329
717
732
588
928
859
301
162
548
706
381
941
919
565
701
157
78
471
994
12
259
964
285
288
9
368
993
382
262
606
919
96
329
409
255
512
900
621
248
947
540
188
841
708
789
584
729
916
469
955
394
272
221
51
464
856
636
984
303
274
891
279
642
705
581
185
562
429
28
635
801
242
259
676
766
236
607
358
451
446
759
537
262
599
264
582
872
37
158
701
923
184
815
470
332
179
174
760
832
949
755
556
446
191
869
244
927
251
79
593
500
917
517
44
531
54
413
22
699
237
893
668
640
999
194
303
