813
529
114
679
429
197
350
884
237
132
98
160
371
213
894
246
129
484
386
29
82
368
156
334
571
100
425
489
106
960
743
239
129
261
341
361
450
840
208
293
716
905
605
879
350
461
649
15
207
644
463
687
296
260
383
99
568
222
759
437
990
660
52
871
434
951
176
234
904
982
576
393
53
581
964
237
14
451
939
564
128
133
325
574
579
985
467
454
606
590
497
667
303
502
439
53
129
769
643
250
105
217
330
803
402
309
496
247
913
433
212
709
314
685
306
784
310
205
122
251
737
292
909
908
592
320
556
525
765
451
218
330
733
871
164
552
926
372
327
388
784
808
439
940
20
5
306
622
287
350
604
173
56
42
325
258
857
1
157
656
887
143
371
506
42
630
199
770
706
213
114
609
367
302
89
453
679
747
886
616
715
253
20
618
111
481
197
518
866
406
162
894
126
437
611
708
755
358
834
951
760
194
934
555
380
2
303
0
837
788
634
200
209
596
221
490
835
557
600
860
90
346
468
889
548
882
917
453
356
122
854
201
508
204
234
903
689
344
280
689
442
356
934
784
290
270
129
123
485
631
724
761
70
361
561
72
811
322
432
333
562
638
330
439
14
639
758
311
319
580
283
346
0
781
129
556
227
445
395
220
373
651
478
812
930
190
438
649
810
37
959
530
176
451
301
105
160
211
252
286
168
211
992
844
99
956
816
695
262
67
24
326
592
669
403
21
140
696
851
826
704
538
18
810
500
685
86
600
84
449
448
383
495
993
199
106
160
26
650
501
944
625
110
592
997
208
703
22
828
578
334
309
276
323
432
294
186
434
557
238
360
307
51
567
522
56
969
481
160
660
783
699
182
318
742
758
912
931
403
272
356
274
484
375
945
511
250
282
87
541
762
986
624
25
449
765
193
297
128
174
889
789
884
695
606
255
119
658
508
219
93
190
264
328
539
517
973
699
798
704
930
155
496
376
654
868
311
454
446
131
681
545
188
198
818
925
948
1
348
479
187
903
23
870
719
882
677
610
996
877
97
824
316
546
316
474
273
7
390
499
162
272
402
559
652
209
322
671
814
476
262
744
923
16
290
426
731
944
78
629
135
521
188
944
681
610
951
388
567
989
96
204
717
193
886
442
185
707
183
579
720
70
8
834
306
75
268
744
647
954
659
952
679
961
19
614
459
679
851
441
276
184
328
387
12
775
480
851
995
830
345
111
223
711
221
32
704
70
341
796
40
250
32
297
865
43
498
683
850
180
140
379
452
487
599
788
907
983
804
774
391
155
667
70
312
116
94
863
647
576
710
217
116
345
543
988
688
464
385
602
857
6
255
482
938
235
757
899
376
799
157
860
293
483
407
200
602
336
676
325
367
642
672
695
215
354
189
110
407
859
58
899
694
209
933
241
868
178
181
625
368
653
42
905
835
108
344
667
438
370
954
964
131
790
193
622
647
354
432
853
531
223
790
640
646
790
465
650
391
307
671
937
824
328
893
383
233
479
382
738
814
92
16
930
5
153
269
828
340
969
660
612
114
617
493
62
31
770
596
181
3
409
187
744
371
143
144
762
614
568
241
230
632
617
647
315
883
88
210
304
850
231
943
238
32
621
558
385
827
501
928
434
823
523
230
129
497
484
677
870
263
753
801
509
202
120
643
238
482
672
330
761
302
292
339
166
692
873
51
631
779
638
312
825
275
863
545
626
308
61
176
14
133
901
91
16
891
346
625
140
718
608
567
33
637
763
171
299
993
383
370
605
388
701
336
652
523
156
885
975
703
502
413
505
255
537
577
975
976
411
135
852
935
120
864
24
543
997
998
32
875
487
909
877
196
411
291
522
619
493
16
508
81
400
931
398
350
66
33
715
18
719
699
785
878
969
379
452
672
512
2
553
678
268
935
904
520
712
493
865
371
819
668
513
360
585
413
192
138
429
636
845
999
160
968
996
618
257
73
531
508
746
295
376
596
686
245
800
990
204
184
146
784
739
247
504
219
360
239
61
257
473
7
759
253
290
631
932
22
0
891
153
632
66
209
888
469
498
792
411
887
919
460
579
404
784
737
229
233
676
410
837
115
727
199
975
552
226
658
503
243
173
689
826
86
231
534
780
946
310
87
70
48
501
288
191
55
330
856
147
357
500
755
587
104
558
51
516
371
456
826
692
727
34
951
675
982
519
86
545
961
435
66
701
608
16
927
155
370
184
234
873
551
95
864
514
726
540
717
148
544
129
759
228
90
887
419
27
917
340
698
831
458
506
85
325
429
315
299
416
