509
292
501
246
999
360
610
245
676
808
745
4
790
517
189
388
595
21
564
883
697
414
929
633
139
947
530
339
330
123
283
940
754
279
327
746
861
989
478
408
314
342
223
98
217
797
291
963
711
435
598
336
357
948
236
520
69
128
744
863
4
305
850
122
302
294
812
764
725
156
724
197
410
183
132
899
649
101
692
210
685
934
706
179
447
85
741
292
45
587
626
284
771
297
570
544
596
203
427
787
695
998
343
379
85
597
555
738
298
304
871
238
186
272
969
682
718
434
464
763
209
472
337
207
662
397
221
464
959
604
729
397
2
869
617
230
12
591
405
348
540
654
396
182
644
734
889
448
484
646
157
438
631
669
267
922
342
983
612
318
601
982
605
614
621
526
814
180
656
868
912
92
370
618
934
564
317
267
519
14
325
519
499
174
280
659
410
808
423
601
972
52
779
648
878
661
998
927
762
8
279
154
473
212
327
437
129
178
132
396
923
323
554
189
784
351
205
407
361
317
967
770
918
94
302
67
543
500
694
810
320
564
230
992
841
633
590
528
100
266
741
105
712
326
416
601
470
181
195
398
216
393
343
737
236
786
566
331
750
609
250
689
627
362
996
442
287
432
939
116
52
116
930
696
773
126
904
693
361
647
62
115
742
156
849
931
316
598
212
975
896
453
916
447
130
890
850
954
845
787
331
875
919
333
878
17
186
820
559
668
534
965
748
600
980
642
641
901
185
164
646
361
942
63
412
680
724
295
842
965
711
953
704
221
499
921
136
536
66
879
400
121
819
794
9
646
581
856
369
518
338
504
766
949
427
731
552
660
427
442
530
88
81
361
975
419
858
479
382
108
297
777
903
386
695
137
135
155
106
365
535
566
476
802
393
591
695
478
752
257
424
8
631
444
782
354
846
799
964
554
20
200
315
825
69
662
935
711
163
99
862
706
376
55
586
374
358
332
439
274
979
910
592
130
17
255
411
415
695
666
607
819
324
925
206
896
357
463
212
375
771
760
926
313
396
86
272
359
72
139
714
171
782
995
170
723
628
958
618
468
818
339
826
890
414
993
593
112
468
694
781
48
173
981
526
591
579
175
491
130
968
157
878
440
614
233
164
88
761
197
294
946
751
841
193
742
446
811
901
49
985
902
610
178
842
414
740
564
588
68
427
36
466
457
820
186
881
799
105
890
112
483
373
58
706
766
182
766
386
73
447
971
647
292
721
432
684
519
582
959
934
921
973
505
394
749
160
157
148
915
975
535
945
839
853
294
404
34
393
262
386
803
206
778
968
282
984
623
291
507
793
969
417
592
886
231
780
552
408
469
231
310
659
457
21
171
243
777
826
389
833
253
299
617
430
934
527
935
266
603
642
385
872
459
619
813
833
913
687
339
950
269
844
524
312
834
370
61
862
238
657
292
939
382
277
886
393
110
609
509
89
101
549
239
612
236
3
400
888
681
806
69
452
690
918
132
313
715
713
874
262
107
962
180
460
314
798
841
750
197
86
749
558
157
955
904
592
367
963
142
744
262
45
698
794
983
985
522
295
788
981
537
771
671
640
222
362
177
32
396
921
920
537
690
267
345
260
923
471
477
715
831
912
574
811
200
156
119
148
860
51
710
627
228
322
939
948
194
246
670
868
54
5
670
684
873
861
840
281
310
255
270
655
911
460
734
873
0
452
868
317
778
726
323
687
417
554
386
579
822
705
431
594
485
964
977
788
251
380
397
204
46
737
678
494
221
273
878
363
497
321
985
923
62
108
205
415
900
101
473
192
522
580
921
899
485
273
300
51
324
745
256
184
648
2
674
505
11
95
931
123
852
904
17
937
486
526
724
259
804
987
414
427
337
122
796
289
930
457
391
553
541
361
97
223
700
143
863
416
600
915
370
109
411
881
175
150
681
445
55
760
271
249
700
886
549
518
715
677
504
773
37
220
935
46
782
594
952
927
753
439
724
351
358
722
547
805
479
50
615
869
525
944
206
491
426
557
621
203
893
755
795
485
232
272
558
748
78
981
696
214
81
956
970
700
115
90
754
613
756
40
81
626
590
139
577
56
740
280
292
30
229
840
393
978
120
498
210
239
952
780
279
219
188
266
275
201
18
202
868
833
716
649
325
451
548
993
263
607
490
800
441
941
433
653
598
951
138
743
15
274
137
100
946
277
629
805
44
843
489
150
940
559
793
431
964
782
520
769
579
994
182
491
777
954
278
400
821
544
334
482
766
149
253
969
371
294
806
89
990
508
834
565
974
913
760
269
963
344
377
