317
437
513
208
996
309
578
212
606
816
841
507
783
448
235
671
577
35
657
870
676
341
904
530
408
970
616
314
331
289
267
580
847
159
282
589
511
989
407
423
78
362
324
122
663
576
400
974
705
412
536
306
579
759
603
830
481
97
823
862
6
498
827
157
288
213
809
706
368
59
788
392
406
286
97
787
564
116
598
244
725
848
629
400
379
90
714
398
154
486
738
280
717
466
185
770
819
191
286
754
677
992
537
680
58
623
516
808
188
449
757
208
511
443
818
131
650
623
449
694
401
706
134
195
355
596
198
347
350
503
772
629
5
786
697
415
25
492
628
352
212
723
551
195
888
859
907
483
587
457
728
827
785
750
400
268
205
997
783
386
474
894
614
677
992
556
777
217
331
828
936
362
573
625
909
480
356
354
483
29
403
794
391
421
764
775
339
870
299
585
945
101
669
565
643
437
996
627
734
5
243
100
210
218
333
333
106
195
100
419
908
369
791
371
750
488
135
356
352
460
948
593
178
84
273
50
508
499
619
852
141
651
315
970
796
590
650
631
101
295
748
89
643
322
555
710
514
213
167
476
230
322
280
569
214
762
291
439
586
586
397
804
665
295
993
485
300
340
726
333
728
67
986
610
802
250
799
271
227
626
63
122
703
181
878
836
563
621
318
960
838
458
807
334
111
904
899
952
810
724
308
820
923
218
860
25
77
761
486
644
916
961
471
349
982
839
895
896
190
151
620
332
998
100
362
654
913
246
877
483
644
964
94
168
765
886
145
671
105
845
567
122
884
721
2
608
365
798
157
528
623
401
741
924
615
629
668
630
472
352
480
745
114
476
954
806
927
138
356
324
188
778
862
436
581
68
100
114
84
321
621
717
273
611
400
481
661
668
880
213
260
4
596
412
564
345
831
691
866
682
79
182
224
768
44
713
897
183
119
337
907
796
716
314
535
372
265
308
430
247
976
886
577
407
21
119
391
603
614
664
438
784
262
806
186
843
233
405
626
408
804
576
942
252
292
143
330
128
59
89
900
114
792
994
531
584
453
915
586
506
855
740
437
865
557
991
647
300
160
564
698
202
160
995
702
605
335
170
828
146
832
92
837
295
578
308
39
143
764
157
319
888
771
921
51
699
305
779
807
58
983
911
959
126
856
293
880
480
411
48
332
61
362
479
837
338
446
780
65
937
77
541
386
52
779
727
114
787
400
164
623
939
605
184
794
785
551
925
749
951
939
753
973
458
271
846
267
340
137
913
964
660
922
331
614
415
88
31
170
238
542
700
365
698
970
489
905
609
246
253
334
963
914
460
265
254
782
534
506
390
247
242
828
554
16
150
287
859
736
197
846
294
765
566
493
884
567
921
254
760
688
586
876
416
790
719
875
928
670
368
953
260
811
626
251
831
344
50
793
368
732
219
953
254
219
916
532
207
648
571
51
106
822
224
551
438
3
285
896
741
772
73
237
409
279
208
523
436
562
400
133
20
945
164
204
261
771
873
850
227
90
699
856
81
971
878
535
267
594
138
869
134
40
394
399
967
995
552
517
712
962
493
789
320
521
254
317
350
81
366
721
909
544
550
252
398
331
895
655
619
738
626
904
416
991
412
324
166
141
867
68
709
353
301
679
874
887
163
336
680
748
134
128
543
708
887
822
797
426
317
361
334
650
932
645
758
870
0
952
857
339
503
698
296
663
270
469
341
755
930
843
700
744
631
946
965
726
237
453
316
287
53
455
613
305
182
158
909
363
519
443
982
937
87
563
349
340
818
96
490
207
685
606
905
897
520
388
232
128
452
860
213
200
620
0
563
476
1
146
955
119
835
878
35
917
554
435
680
324
749
984
436
499
207
80
762
550
929
549
302
716
595
245
111
200
757
157
867
244
451
962
394
106
664
902
152
292
302
332
20
217
258
379
667
944
342
423
800
666
629
744
15
118
903
55
706
610
951
920
709
530
771
296
352
721
378
733
314
27
646
842
928
922
265
686
484
649
644
216
927
792
799
682
192
341
571
767
55
986
709
39
62
965
978
674
65
67
566
531
823
25
78
631
555
178
461
93
831
224
241
22
254
761
549
983
167
357
207
190
845
886
171
72
88
328
192
135
30
107
835
897
711
605
346
703
503
975
644
422
525
554
342
928
535
665
434
933
55
765
19
187
304
118
936
283
623
835
593
871
544
129
941
988
330
385
927
849
467
843
640
995
141
439
842
960
400
289
792
540
342
432
841
359
210
932
384
301
738
86
868
418
826
537
665
902
710
444
955
457
373
