970
881
299
840
638
186
225
550
971
928
918
619
154
482
795
509
515
240
531
49
407
886
476
903
385
423
587
694
487
995
844
770
945
585
590
818
210
802
893
891
393
65
613
477
261
722
515
463
10
657
49
596
409
256
519
933
865
460
763
460
391
596
116
494
952
306
348
518
751
71
58
168
208
117
492
249
79
914
557
305
938
215
686
996
964
840
143
529
773
258
12
631
152
794
41
441
381
223
601
571
884
716
175
762
879
121
219
975
69
986
557
737
830
543
970
434
613
706
748
521
349
807
616
626
662
517
791
446
12
964
983
553
943
510
857
305
839
0
253
225
444
287
693
471
562
237
839
399
731
92
399
41
878
101
612
799
176
330
776
347
316
591
208
495
702
317
590
519
294
440
678
420
286
323
877
379
815
747
205
933
589
13
210
872
626
32
997
431
944
616
998
191
820
916
828
5
944
299
674
525
399
562
497
899
484
73
619
240
84
724
80
598
855
122
360
56
65
312
73
277
771
180
110
535
833
554
978
354
893
112
567
970
397
397
353
226
646
254
123
407
828
377
686
809
955
906
674
662
975
650
605
234
960
311
185
93
43
652
781
667
650
281
637
315
333
330
856
305
953
407
712
237
804
187
658
732
218
46
949
550
231
924
694
808
518
7
384
888
785
636
911
527
320
830
494
591
561
160
62
654
56
436
770
49
795
310
857
765
252
844
390
114
591
830
843
765
238
575
241
81
767
370
220
932
242
416
914
804
560
515
252
383
87
235
605
476
624
295
379
154
418
936
390
181
3
78
755
393
620
554
992
48
135
817
473
271
168
225
342
692
967
502
764
673
917
513
361
755
451
993
182
628
729
863
145
144
207
108
36
427
551
693
680
607
481
333
336
837
912
114
991
109
804
623
296
16
650
724
212
527
673
280
730
716
160
955
214
398
182
608
856
348
697
127
119
964
350
226
635
812
158
549
499
892
275
756
676
819
913
805
452
258
768
865
291
540
171
583
48
195
438
678
443
794
528
646
987
403
169
763
334
935
555
157
544
21
735
369
402
829
760
388
982
546
825
806
121
424
577
562
754
671
934
288
169
519
122
52
160
802
251
552
743
58
737
749
218
292
584
899
978
791
950
157
49
541
557
482
89
514
407
338
938
946
605
615
12
787
255
22
929
137
855
209
179
630
621
251
255
490
427
103
518
977
907
69
780
939
879
202
993
108
469
134
139
945
980
859
595
333
334
130
31
519
99
863
656
657
526
360
509
791
329
800
868
907
86
485
700
224
23
39
660
901
233
295
718
688
401
488
641
994
939
844
127
750
491
439
113
693
531
831
914
711
986
313
903
839
348
588
956
66
865
827
967
19
151
367
18
981
934
408
36
751
131
145
596
171
187
855
712
64
637
485
159
820
439
960
763
324
34
541
227
26
329
696
283
962
795
460
637
593
555
182
165
282
958
982
477
722
807
645
473
544
899
65
895
24
958
455
417
428
4
629
779
362
403
470
239
582
919
424
729
106
626
723
824
857
84
292
177
270
964
171
824
481
273
766
77
611
952
193
575
385
713
302
382
437
453
915
86
495
208
270
323
636
400
164
708
65
446
706
153
937
516
545
802
722
861
435
504
897
572
886
815
909
523
282
168
513
595
416
949
485
721
115
353
407
956
707
218
329
351
674
748
201
741
772
427
311
408
964
168
83
741
604
447
570
867
192
600
188
399
993
841
537
717
318
654
792
587
51
444
769
804
784
71
83
437
346
895
780
133
482
95
607
951
636
278
262
770
648
368
270
137
662
966
752
292
470
776
339
981
480
997
4
572
439
543
490
89
372
356
287
354
638
394
926
598
579
837
305
62
337
612
679
868
798
106
493
498
750
283
323
698
902
711
119
541
669
749
725
89
278
921
969
884
587
48
585
809
202
564
646
631
963
708
991
917
386
348
280
57
55
677
300
447
278
419
612
449
458
555
143
507
518
466
271
92
148
873
936
294
325
941
35
868
176
785
27
491
867
592
816
63
169
80
403
575
0
351
180
590
1
575
124
511
783
621
581
504
803
418
840
89
991
409
477
973
99
245
712
104
749
780
744
116
802
883
830
423
801
286
968
784
586
331
270
701
593
441
473
11
499
765
121
876
448
206
186
852
757
398
633
772
632
335
411
624
275
348
796
91
208
807
640
97
714
371
400
262
250
661
335
823
765
690
106
666
10
207
65
628
779
538
680
498
617
337
153
988
776
687
492
979
943
931
658
786
623
966
243
288
671
46
849
736
876
647
382
