113
258
553
581
128
627
131
897
591
399
303
63
969
798
624
45
695
662
910
774
171
511
793
216
450
658
100
102
762
288
995
841
699
406
955
408
743
334
176
281
79
993
476
519
843
741
351
548
835
463
538
787
735
652
768
671
469
783
631
496
959
966
856
365
773
170
322
158
619
559
242
672
919
885
298
8
120
611
175
746
437
478
514
598
140
794
364
22
335
686
749
132
897
124
708
357
384
319
931
547
719
475
301
69
219
9
909
490
992
574
414
464
281
258
384
583
809
13
293
304
275
193
621
300
897
111
635
350
10
697
91
78
690
690
203
606
208
139
985
524
854
462
889
608
921
507
50
526
240
834
582
23
607
877
502
21
726
692
735
19
195
442
775
923
884
107
733
745
128
736
426
871
644
152
268
603
272
333
816
879
860
861
297
519
755
186
805
220
858
867
362
59
918
853
102
225
439
908
499
906
512
605
307
750
486
722
668
962
56
982
710
266
995
335
781
751
341
924
21
365
204
273
31
899
424
790
619
678
775
712
797
591
198
349
435
347
436
688
923
479
837
430
965
153
371
956
160
803
198
709
566
304
594
38
537
113
201
379
358
986
257
711
625
555
640
275
836
418
980
659
985
492
134
161
623
256
472
351
860
495
999
916
104
408
848
828
831
268
852
784
885
855
248
334
823
501
350
2
165
281
391
249
409
278
409
292
788
342
618
882
333
896
305
805
880
436
690
833
800
627
599
63
464
195
303
387
95
862
293
250
174
229
21
815
787
811
164
163
679
73
694
823
149
498
730
97
578
640
926
843
120
781
422
446
927
637
524
14
38
39
692
321
111
490
543
201
958
349
603
359
872
464
422
466
17
668
59
428
604
193
548
902
884
762
470
107
966
804
738
804
706
406
791
902
779
452
581
94
111
306
753
360
786
133
818
174
109
68
341
77
578
707
807
968
568
930
854
318
836
202
428
557
72
517
866
583
752
565
121
296
313
726
985
604
341
36
200
684
693
337
878
639
173
937
601
885
826
558
149
494
887
198
601
742
1
258
99
650
560
954
481
247
290
21
622
86
532
590
99
168
74
268
166
459
378
357
135
376
139
643
320
287
84
83
222
674
539
367
627
710
419
669
218
754
462
791
639
529
731
597
882
338
271
54
768
985
383
623
439
103
941
967
107
555
242
321
468
339
726
407
322
865
860
814
471
837
635
586
595
601
569
547
646
511
295
970
431
75
566
673
813
119
93
982
551
519
396
115
911
789
751
403
697
536
40
100
50
314
707
486
944
427
422
244
600
367
550
782
112
426
983
996
248
280
155
830
150
578
808
82
189
922
767
197
440
119
211
155
449
516
707
511
61
623
110
215
889
33
523
780
335
847
682
345
361
653
572
924
296
202
577
280
370
175
227
26
125
331
617
638
796
187
391
424
402
785
460
270
572
420
398
888
126
898
767
576
930
402
408
289
256
432
659
718
138
857
478
868
839
863
982
710
445
930
208
552
755
418
708
220
662
549
395
869
56
574
54
182
902
931
933
721
27
777
212
2
51
139
254
965
206
898
758
710
755
528
953
647
454
674
337
858
427
267
39
643
324
938
114
343
600
98
654
215
634
394
252
410
630
443
255
863
427
361
150
247
555
208
877
830
869
838
281
71
608
767
356
145
755
497
801
490
556
713
459
94
244
957
162
986
799
542
715
497
135
450
545
178
528
401
896
357
966
552
406
134
820
2
635
482
362
858
242
812
788
949
544
589
445
372
454
785
883
818
495
764
993
455
789
845
731
125
729
295
618
447
870
937
298
376
717
398
673
345
807
405
382
206
925
964
698
164
240
48
671
439
497
930
512
37
645
595
975
620
290
923
49
221
650
995
342
112
677
905
433
859
636
771
639
223
358
650
985
174
654
257
644
969
954
102
310
267
473
32
91
758
463
538
785
858
712
724
968
249
647
290
172
216
581
203
511
511
12
876
401
452
888
91
446
788
451
367
744
101
839
941
798
888
546
322
687
274
725
96
698
459
219
256
864
846
447
338
600
240
657
120
800
240
194
982
70
763
53
430
942
27
937
374
105
971
568
363
387
826
710
562
21
748
79
474
658
480
39
592
94
447
84
567
28
616
233
51
923
739
854
160
30
928
544
745
670
510
829
714
71
35
155
859
406
860
678
664
88
416
950
236
339
702
426
526
548
553
680
451
719
594
803
660
432
247
224
79
578
850
594
752
343
724
402
508
862
686
753
953
565
519
270
566
214
361
730
205
13
988
369
372
618
265
457
247
